This file contains any messages produced by compilers while
running configure, to aid debugging if configure makes a mistake.

It was created by pirs configure 1.1.0, which was
generated by GNU Autoconf 2.59.  Invocation command line was

  $ ./configure --prefix=

## --------- ##
## Platform. ##
## --------- ##

hostname = compute-23-5.local
uname -m = x86_64
uname -r = 2.6.18-194.el5
uname -s = Linux
uname -v = #1 SMP Fri Apr 2 14:58:14 EDT 2010

/usr/bin/uname -p = unknown
/bin/uname -X     = unknown

/bin/arch              = x86_64
/usr/bin/arch -k       = unknown
/usr/convex/getsysinfo = unknown
hostinfo               = unknown
/bin/machine           = unknown
/usr/bin/oslevel       = unknown
/bin/universe          = unknown

PATH: /opt/blc/gcc-4.3.5/bin
PATH: /usr/local/bin/
PATH: /usr/bin/
PATH: /share/raid1/genome/biosoft/454/rig/bin
PATH: /ifs1/ST_ASMB/USER/yuanjy/bin/jellyfish/bin
PATH: opt/blc/gcc-4.5.0/bin
PATH: /ifs1/ST_ASMB/USER/ganjun/soft/python2.7/bin
PATH: /ifs1/ST_ASMB/USER/yuanjy/data
PATH: /panfs/CD/liuyunjie/yh1cell/allpaths/bin
PATH: /opt/blc/genome/biosoft/R-212/bin/
PATH: /opt/gridengine/bin/lx26-amd64
PATH: /usr/kerberos/bin
PATH: /usr/java/latest/bin
PATH: /usr/local/bin
PATH: /bin
PATH: /usr/bin
PATH: /opt/ganglia/bin
PATH: /opt/ganglia/sbin
PATH: /opt/openmpi/bin/
PATH: /opt/rocks/bin
PATH: /opt/rocks/sbin
PATH: /opt/dell/srvadmin/bin
PATH: /opt/sun-ct/bin
PATH: /panfs/CD/huangjw/source/hdf5-1.8.5-patch1-linux-x86_64-shared
PATH: /share/backup/HP/liudb2/bin/snp_Analysis/cms/trunk/
PATH: /home/yuanjy/bin


## ----------- ##
## Core tests. ##
## ----------- ##

configure:1359: checking for a BSD-compatible install
configure:1414: result: /usr/bin//install -c
configure:1425: checking whether build environment is sane
configure:1468: result: yes
configure:1533: checking for gawk
configure:1549: found /usr/bin//gawk
configure:1559: result: gawk
configure:1569: checking whether make sets $(MAKE)
configure:1589: result: yes
configure:1814: checking for g++
configure:1830: found /opt/blc/gcc-4.3.5/bin/g++
configure:1840: result: g++
configure:1856: checking for C++ compiler version
configure:1859: g++ --version </dev/null >&5
g++ (GCC) 4.3.5
Copyright (C) 2008 Free Software Foundation, Inc.
This is free software; see the source for copying conditions.  There is NO
warranty; not even for MERCHANTABILITY or FITNESS FOR A PARTICULAR PURPOSE.

configure:1862: $? = 0
configure:1864: g++ -v </dev/null >&5
Using built-in specs.
Target: x86_64-unknown-linux-gnu
Configured with: ../gcc435-4.3.5/configure --prefix=/opt/blc/gcc-4.3.5
Thread model: posix
gcc version 4.3.5 (GCC) 
configure:1867: $? = 0
configure:1869: g++ -V </dev/null >&5
g++: '-V' option must have argument
configure:1872: $? = 1
configure:1895: checking for C++ compiler default output file name
configure:1898: g++    conftest.cc  >&5
configure:1901: $? = 0
configure:1947: result: a.out
configure:1952: checking whether the C++ compiler works
configure:1958: ./a.out
configure:1961: $? = 0
configure:1978: result: yes
configure:1985: checking whether we are cross compiling
configure:1987: result: no
configure:1990: checking for suffix of executables
configure:1992: g++ -o conftest    conftest.cc  >&5
configure:1995: $? = 0
configure:2020: result: 
configure:2026: checking for suffix of object files
configure:2047: g++ -c   conftest.cc >&5
configure:2050: $? = 0
configure:2072: result: o
configure:2076: checking whether we are using the GNU C++ compiler
configure:2100: g++ -c   conftest.cc >&5
configure:2106: $? = 0
configure:2110: test -z 
			 || test ! -s conftest.err
configure:2113: $? = 0
configure:2116: test -s conftest.o
configure:2119: $? = 0
configure:2132: result: yes
configure:2138: checking whether g++ accepts -g
configure:2159: g++ -c -g  conftest.cc >&5
configure:2165: $? = 0
configure:2169: test -z 
			 || test ! -s conftest.err
configure:2172: $? = 0
configure:2175: test -s conftest.o
configure:2178: $? = 0
configure:2189: result: yes
configure:2231: g++ -c -g -O2  conftest.cc >&5
configure:2237: $? = 0
configure:2241: test -z 
			 || test ! -s conftest.err
configure:2244: $? = 0
configure:2247: test -s conftest.o
configure:2250: $? = 0
configure:2276: g++ -c -g -O2  conftest.cc >&5
conftest.cc: In function 'int main()':
conftest.cc:15: error: 'exit' was not declared in this scope
configure:2282: $? = 1
configure: failed program was:
| /* confdefs.h.  */
| 
| #define PACKAGE_NAME "pirs"
| #define PACKAGE_TARNAME "pirs"
| #define PACKAGE_VERSION "1.1.0"
| #define PACKAGE_STRING "pirs 1.1.0"
| #define PACKAGE_BUGREPORT ""
| #define PACKAGE "pirs"
| #define VERSION "1.1.0"
| /* end confdefs.h.  */
| 
| int
| main ()
| {
| exit (42);
|   ;
|   return 0;
| }
configure:2231: g++ -c -g -O2  conftest.cc >&5
conftest.cc:11: error: 'void std::exit(int)' should have been declared inside 'std'
configure:2237: $? = 1
configure: failed program was:
| /* confdefs.h.  */
| 
| #define PACKAGE_NAME "pirs"
| #define PACKAGE_TARNAME "pirs"
| #define PACKAGE_VERSION "1.1.0"
| #define PACKAGE_STRING "pirs 1.1.0"
| #define PACKAGE_BUGREPORT ""
| #define PACKAGE "pirs"
| #define VERSION "1.1.0"
| /* end confdefs.h.  */
| extern "C" void std::exit (int) throw (); using std::exit;
| #include <stdlib.h>
| int
| main ()
| {
| exit (42);
|   ;
|   return 0;
| }
configure:2231: g++ -c -g -O2  conftest.cc >&5
conftest.cc:11: error: 'void std::exit(int)' should have been declared inside 'std'
In file included from conftest.cc:12:
/usr/include/stdlib.h:646: error: declaration of 'void std::exit(int) throw ()' throws different exceptions
conftest.cc:11: error: from previous declaration 'void std::exit(int)'
configure:2237: $? = 1
configure: failed program was:
| /* confdefs.h.  */
| 
| #define PACKAGE_NAME "pirs"
| #define PACKAGE_TARNAME "pirs"
| #define PACKAGE_VERSION "1.1.0"
| #define PACKAGE_STRING "pirs 1.1.0"
| #define PACKAGE_BUGREPORT ""
| #define PACKAGE "pirs"
| #define VERSION "1.1.0"
| /* end confdefs.h.  */
| extern "C" void std::exit (int); using std::exit;
| #include <stdlib.h>
| int
| main ()
| {
| exit (42);
|   ;
|   return 0;
| }
configure:2231: g++ -c -g -O2  conftest.cc >&5
configure:2237: $? = 0
configure:2241: test -z 
			 || test ! -s conftest.err
configure:2244: $? = 0
configure:2247: test -s conftest.o
configure:2250: $? = 0
configure:2276: g++ -c -g -O2  conftest.cc >&5
configure:2282: $? = 0
configure:2286: test -z 
			 || test ! -s conftest.err
configure:2289: $? = 0
configure:2292: test -s conftest.o
configure:2295: $? = 0
configure:2329: checking for style of include used by make
configure:2357: result: GNU
configure:2385: checking dependency style of g++
configure:2475: result: gcc3
configure:2538: checking for gcc
configure:2554: found /opt/blc/gcc-4.3.5/bin/gcc
configure:2564: result: gcc
configure:2808: checking for C compiler version
configure:2811: gcc --version </dev/null >&5
gcc (GCC) 4.3.5
Copyright (C) 2008 Free Software Foundation, Inc.
This is free software; see the source for copying conditions.  There is NO
warranty; not even for MERCHANTABILITY or FITNESS FOR A PARTICULAR PURPOSE.

configure:2814: $? = 0
configure:2816: gcc -v </dev/null >&5
Using built-in specs.
Target: x86_64-unknown-linux-gnu
Configured with: ../gcc435-4.3.5/configure --prefix=/opt/blc/gcc-4.3.5
Thread model: posix
gcc version 4.3.5 (GCC) 
configure:2819: $? = 0
configure:2821: gcc -V </dev/null >&5
gcc: '-V' option must have argument
configure:2824: $? = 1
configure:2827: checking whether we are using the GNU C compiler
configure:2851: gcc -c   conftest.c >&5
configure:2857: $? = 0
configure:2861: test -z 
			 || test ! -s conftest.err
configure:2864: $? = 0
configure:2867: test -s conftest.o
configure:2870: $? = 0
configure:2883: result: yes
configure:2889: checking whether gcc accepts -g
configure:2910: gcc -c -g  conftest.c >&5
configure:2916: $? = 0
configure:2920: test -z 
			 || test ! -s conftest.err
configure:2923: $? = 0
configure:2926: test -s conftest.o
configure:2929: $? = 0
configure:2940: result: yes
configure:2957: checking for gcc option to accept ANSI C
configure:3027: gcc  -c -g -O2  conftest.c >&5
configure:3033: $? = 0
configure:3037: test -z 
			 || test ! -s conftest.err
configure:3040: $? = 0
configure:3043: test -s conftest.o
configure:3046: $? = 0
configure:3064: result: none needed
configure:3082: gcc -c -g -O2  conftest.c >&5
conftest.c:2: error: expected '=', ',', ';', 'asm' or '__attribute__' before 'me'
configure:3088: $? = 1
configure: failed program was:
| #ifndef __cplusplus
|   choke me
| #endif
configure:3223: checking dependency style of gcc
configure:3313: result: gcc3
configure:3335: checking for main in -lz
configure:3359: gcc -o conftest -g -O2   conftest.c -lz   >&5
configure:3365: $? = 0
configure:3369: test -z 
			 || test ! -s conftest.err
configure:3372: $? = 0
configure:3375: test -s conftest
configure:3378: $? = 0
configure:3391: result: yes
configure:3409: checking how to run the C preprocessor
configure:3444: gcc -E  conftest.c
configure:3450: $? = 0
configure:3482: gcc -E  conftest.c
conftest.c:15:28: error: ac_nonexistent.h: No such file or directory
configure:3488: $? = 1
configure: failed program was:
| /* confdefs.h.  */
| 
| #define PACKAGE_NAME "pirs"
| #define PACKAGE_TARNAME "pirs"
| #define PACKAGE_VERSION "1.1.0"
| #define PACKAGE_STRING "pirs 1.1.0"
| #define PACKAGE_BUGREPORT ""
| #define PACKAGE "pirs"
| #define VERSION "1.1.0"
| #ifdef __cplusplus
| extern "C" void exit (int) throw ();
| #endif
| #define HAVE_LIBZ 1
| /* end confdefs.h.  */
| #include <ac_nonexistent.h>
configure:3527: result: gcc -E
configure:3551: gcc -E  conftest.c
configure:3557: $? = 0
configure:3589: gcc -E  conftest.c
conftest.c:15:28: error: ac_nonexistent.h: No such file or directory
configure:3595: $? = 1
configure: failed program was:
| /* confdefs.h.  */
| 
| #define PACKAGE_NAME "pirs"
| #define PACKAGE_TARNAME "pirs"
| #define PACKAGE_VERSION "1.1.0"
| #define PACKAGE_STRING "pirs 1.1.0"
| #define PACKAGE_BUGREPORT ""
| #define PACKAGE "pirs"
| #define VERSION "1.1.0"
| #ifdef __cplusplus
| extern "C" void exit (int) throw ();
| #endif
| #define HAVE_LIBZ 1
| /* end confdefs.h.  */
| #include <ac_nonexistent.h>
configure:3639: checking for egrep
configure:3649: result: grep -E
configure:3654: checking for ANSI C header files
configure:3679: gcc -c -g -O2  conftest.c >&5
configure:3685: $? = 0
configure:3689: test -z 
			 || test ! -s conftest.err
configure:3692: $? = 0
configure:3695: test -s conftest.o
configure:3698: $? = 0
configure:3787: gcc -o conftest -g -O2   conftest.c -lz  >&5
conftest.c: In function 'main':
conftest.c:32: warning: incompatible implicit declaration of built-in function 'exit'
configure:3790: $? = 0
configure:3792: ./conftest
configure:3795: $? = 0
configure:3810: result: yes
configure:3834: checking for sys/types.h
configure:3850: gcc -c -g -O2  conftest.c >&5
configure:3856: $? = 0
configure:3860: test -z 
			 || test ! -s conftest.err
configure:3863: $? = 0
configure:3866: test -s conftest.o
configure:3869: $? = 0
configure:3880: result: yes
configure:3834: checking for sys/stat.h
configure:3850: gcc -c -g -O2  conftest.c >&5
configure:3856: $? = 0
configure:3860: test -z 
			 || test ! -s conftest.err
configure:3863: $? = 0
configure:3866: test -s conftest.o
configure:3869: $? = 0
configure:3880: result: yes
configure:3834: checking for stdlib.h
configure:3850: gcc -c -g -O2  conftest.c >&5
configure:3856: $? = 0
configure:3860: test -z 
			 || test ! -s conftest.err
configure:3863: $? = 0
configure:3866: test -s conftest.o
configure:3869: $? = 0
configure:3880: result: yes
configure:3834: checking for string.h
configure:3850: gcc -c -g -O2  conftest.c >&5
configure:3856: $? = 0
configure:3860: test -z 
			 || test ! -s conftest.err
configure:3863: $? = 0
configure:3866: test -s conftest.o
configure:3869: $? = 0
configure:3880: result: yes
configure:3834: checking for memory.h
configure:3850: gcc -c -g -O2  conftest.c >&5
configure:3856: $? = 0
configure:3860: test -z 
			 || test ! -s conftest.err
configure:3863: $? = 0
configure:3866: test -s conftest.o
configure:3869: $? = 0
configure:3880: result: yes
configure:3834: checking for strings.h
configure:3850: gcc -c -g -O2  conftest.c >&5
configure:3856: $? = 0
configure:3860: test -z 
			 || test ! -s conftest.err
configure:3863: $? = 0
configure:3866: test -s conftest.o
configure:3869: $? = 0
configure:3880: result: yes
configure:3834: checking for inttypes.h
configure:3850: gcc -c -g -O2  conftest.c >&5
configure:3856: $? = 0
configure:3860: test -z 
			 || test ! -s conftest.err
configure:3863: $? = 0
configure:3866: test -s conftest.o
configure:3869: $? = 0
configure:3880: result: yes
configure:3834: checking for stdint.h
configure:3850: gcc -c -g -O2  conftest.c >&5
configure:3856: $? = 0
configure:3860: test -z 
			 || test ! -s conftest.err
configure:3863: $? = 0
configure:3866: test -s conftest.o
configure:3869: $? = 0
configure:3880: result: yes
configure:3834: checking for unistd.h
configure:3850: gcc -c -g -O2  conftest.c >&5
configure:3856: $? = 0
configure:3860: test -z 
			 || test ! -s conftest.err
configure:3863: $? = 0
configure:3866: test -s conftest.o
configure:3869: $? = 0
configure:3880: result: yes
configure:3898: checking for stdlib.h
configure:3903: result: yes
configure:3898: checking for string.h
configure:3903: result: yes
configure:4045: checking for stdbool.h that conforms to C99
configure:4098: gcc -c -g -O2  conftest.c >&5
configure:4104: $? = 0
configure:4108: test -z 
			 || test ! -s conftest.err
configure:4111: $? = 0
configure:4114: test -s conftest.o
configure:4117: $? = 0
configure:4128: result: yes
configure:4130: checking for _Bool
configure:4154: gcc -c -g -O2  conftest.c >&5
configure:4160: $? = 0
configure:4164: test -z 
			 || test ! -s conftest.err
configure:4167: $? = 0
configure:4170: test -s conftest.o
configure:4173: $? = 0
configure:4184: result: yes
configure:4203: checking for an ANSI C-conforming const
configure:4270: gcc -c -g -O2  conftest.c >&5
configure:4276: $? = 0
configure:4280: test -z 
			 || test ! -s conftest.err
configure:4283: $? = 0
configure:4286: test -s conftest.o
configure:4289: $? = 0
configure:4300: result: yes
configure:4310: checking for size_t
configure:4334: gcc -c -g -O2  conftest.c >&5
configure:4340: $? = 0
configure:4344: test -z 
			 || test ! -s conftest.err
configure:4347: $? = 0
configure:4350: test -s conftest.o
configure:4353: $? = 0
configure:4364: result: yes
configure:4383: checking for pow
configure:4440: gcc -o conftest -g -O2   conftest.c -lz  >&5
conftest.c:53: warning: conflicting types for built-in function 'pow'
/tmp/ccgz0hVm.o: In function `main':
/ifs1/ST_ASMB/PMO/bin/pIRS/pIRS_110/src/pirs/conftest.c:68: undefined reference to `pow'
/tmp/ccgz0hVm.o:(.data+0x0): undefined reference to `pow'
collect2: ld returned 1 exit status
configure:4446: $? = 1
configure: failed program was:
| /* confdefs.h.  */
| 
| #define PACKAGE_NAME "pirs"
| #define PACKAGE_TARNAME "pirs"
| #define PACKAGE_VERSION "1.1.0"
| #define PACKAGE_STRING "pirs 1.1.0"
| #define PACKAGE_BUGREPORT ""
| #define PACKAGE "pirs"
| #define VERSION "1.1.0"
| #ifdef __cplusplus
| extern "C" void exit (int) throw ();
| #endif
| #define HAVE_LIBZ 1
| #define STDC_HEADERS 1
| #define HAVE_SYS_TYPES_H 1
| #define HAVE_SYS_STAT_H 1
| #define HAVE_STDLIB_H 1
| #define HAVE_STRING_H 1
| #define HAVE_MEMORY_H 1
| #define HAVE_STRINGS_H 1
| #define HAVE_INTTYPES_H 1
| #define HAVE_STDINT_H 1
| #define HAVE_UNISTD_H 1
| #define HAVE_STDLIB_H 1
| #define HAVE_STRING_H 1
| #define HAVE__BOOL 1
| #define HAVE_STDBOOL_H 1
| /* end confdefs.h.  */
| /* Define pow to an innocuous variant, in case <limits.h> declares pow.
|    For example, HP-UX 11i <limits.h> declares gettimeofday.  */
| #define pow innocuous_pow
| 
| /* System header to define __stub macros and hopefully few prototypes,
|     which can conflict with char pow (); below.
|     Prefer <limits.h> to <assert.h> if __STDC__ is defined, since
|     <limits.h> exists even on freestanding compilers.  */
| 
| #ifdef __STDC__
| # include <limits.h>
| #else
| # include <assert.h>
| #endif
| 
| #undef pow
| 
| /* Override any gcc2 internal prototype to avoid an error.  */
| #ifdef __cplusplus
| extern "C"
| {
| #endif
| /* We use char because int might match the return type of a gcc2
|    builtin and then its argument prototype would still apply.  */
| char pow ();
| /* The GNU C library defines this for functions which it implements
|     to always fail with ENOSYS.  Some functions are actually named
|     something starting with __ and the normal name is an alias.  */
| #if defined (__stub_pow) || defined (__stub___pow)
| choke me
| #else
| char (*f) () = pow;
| #endif
| #ifdef __cplusplus
| }
| #endif
| 
| int
| main ()
| {
| return f != pow;
|   ;
|   return 0;
| }
configure:4471: result: no
configure:4383: checking for sqrt
configure:4440: gcc -o conftest -g -O2   conftest.c -lz  >&5
conftest.c:53: warning: conflicting types for built-in function 'sqrt'
/tmp/ccieS3S3.o: In function `main':
/ifs1/ST_ASMB/PMO/bin/pIRS/pIRS_110/src/pirs/conftest.c:68: undefined reference to `sqrt'
/tmp/ccieS3S3.o:(.data+0x0): undefined reference to `sqrt'
collect2: ld returned 1 exit status
configure:4446: $? = 1
configure: failed program was:
| /* confdefs.h.  */
| 
| #define PACKAGE_NAME "pirs"
| #define PACKAGE_TARNAME "pirs"
| #define PACKAGE_VERSION "1.1.0"
| #define PACKAGE_STRING "pirs 1.1.0"
| #define PACKAGE_BUGREPORT ""
| #define PACKAGE "pirs"
| #define VERSION "1.1.0"
| #ifdef __cplusplus
| extern "C" void exit (int) throw ();
| #endif
| #define HAVE_LIBZ 1
| #define STDC_HEADERS 1
| #define HAVE_SYS_TYPES_H 1
| #define HAVE_SYS_STAT_H 1
| #define HAVE_STDLIB_H 1
| #define HAVE_STRING_H 1
| #define HAVE_MEMORY_H 1
| #define HAVE_STRINGS_H 1
| #define HAVE_INTTYPES_H 1
| #define HAVE_STDINT_H 1
| #define HAVE_UNISTD_H 1
| #define HAVE_STDLIB_H 1
| #define HAVE_STRING_H 1
| #define HAVE__BOOL 1
| #define HAVE_STDBOOL_H 1
| /* end confdefs.h.  */
| /* Define sqrt to an innocuous variant, in case <limits.h> declares sqrt.
|    For example, HP-UX 11i <limits.h> declares gettimeofday.  */
| #define sqrt innocuous_sqrt
| 
| /* System header to define __stub macros and hopefully few prototypes,
|     which can conflict with char sqrt (); below.
|     Prefer <limits.h> to <assert.h> if __STDC__ is defined, since
|     <limits.h> exists even on freestanding compilers.  */
| 
| #ifdef __STDC__
| # include <limits.h>
| #else
| # include <assert.h>
| #endif
| 
| #undef sqrt
| 
| /* Override any gcc2 internal prototype to avoid an error.  */
| #ifdef __cplusplus
| extern "C"
| {
| #endif
| /* We use char because int might match the return type of a gcc2
|    builtin and then its argument prototype would still apply.  */
| char sqrt ();
| /* The GNU C library defines this for functions which it implements
|     to always fail with ENOSYS.  Some functions are actually named
|     something starting with __ and the normal name is an alias.  */
| #if defined (__stub_sqrt) || defined (__stub___sqrt)
| choke me
| #else
| char (*f) () = sqrt;
| #endif
| #ifdef __cplusplus
| }
| #endif
| 
| int
| main ()
| {
| return f != sqrt;
|   ;
|   return 0;
| }
configure:4471: result: no
configure:4599: creating ./config.status

## ---------------------- ##
## Running config.status. ##
## ---------------------- ##

This file was extended by pirs config.status 1.1.0, which was
generated by GNU Autoconf 2.59.  Invocation command line was

  CONFIG_FILES    = 
  CONFIG_HEADERS  = 
  CONFIG_LINKS    = 
  CONFIG_COMMANDS = 
  $ ./config.status 

on compute-23-5.local

config.status:696: creating Makefile
config.status:696: creating src/Makefile
config.status:800: creating config.h
config.status:916: config.h is unchanged
config.status:1096: executing depfiles commands

## ---------------- ##
## Cache variables. ##
## ---------------- ##

ac_cv_c_compiler_gnu=yes
ac_cv_c_const=yes
ac_cv_cxx_compiler_gnu=yes
ac_cv_env_CC_set=
ac_cv_env_CC_value=
ac_cv_env_CFLAGS_set=
ac_cv_env_CFLAGS_value=
ac_cv_env_CPPFLAGS_set=
ac_cv_env_CPPFLAGS_value=
ac_cv_env_CPP_set=
ac_cv_env_CPP_value=
ac_cv_env_CXXFLAGS_set=
ac_cv_env_CXXFLAGS_value=
ac_cv_env_CXX_set=
ac_cv_env_CXX_value=
ac_cv_env_LDFLAGS_set=
ac_cv_env_LDFLAGS_value=
ac_cv_env_build_alias_set=
ac_cv_env_build_alias_value=
ac_cv_env_host_alias_set=
ac_cv_env_host_alias_value=
ac_cv_env_target_alias_set=
ac_cv_env_target_alias_value=
ac_cv_exeext=
ac_cv_func_pow=no
ac_cv_func_sqrt=no
ac_cv_header_inttypes_h=yes
ac_cv_header_memory_h=yes
ac_cv_header_stdbool_h=yes
ac_cv_header_stdc=yes
ac_cv_header_stdint_h=yes
ac_cv_header_stdlib_h=yes
ac_cv_header_string_h=yes
ac_cv_header_strings_h=yes
ac_cv_header_sys_stat_h=yes
ac_cv_header_sys_types_h=yes
ac_cv_header_unistd_h=yes
ac_cv_lib_z_main=yes
ac_cv_objext=o
ac_cv_path_install='/usr/bin//install -c'
ac_cv_prog_AWK=gawk
ac_cv_prog_CPP='gcc -E'
ac_cv_prog_ac_ct_CC=gcc
ac_cv_prog_ac_ct_CXX=g++
ac_cv_prog_cc_g=yes
ac_cv_prog_cc_stdc=
ac_cv_prog_cxx_g=yes
ac_cv_prog_egrep='grep -E'
ac_cv_prog_make_make_set=yes
ac_cv_type__Bool=yes
ac_cv_type_size_t=yes
am_cv_CC_dependencies_compiler_type=gcc3
am_cv_CXX_dependencies_compiler_type=gcc3

## ----------------- ##
## Output variables. ##
## ----------------- ##

ACLOCAL='${SHELL} /ifs1/ST_ASMB/PMO/bin/pIRS/pIRS_110/src/pirs/missing --run aclocal-1.9'
AMDEPBACKSLASH='\'
AMDEP_FALSE='#'
AMDEP_TRUE=''
AMTAR='${SHELL} /ifs1/ST_ASMB/PMO/bin/pIRS/pIRS_110/src/pirs/missing --run tar'
AUTOCONF='${SHELL} /ifs1/ST_ASMB/PMO/bin/pIRS/pIRS_110/src/pirs/missing --run autoconf'
AUTOHEADER='${SHELL} /ifs1/ST_ASMB/PMO/bin/pIRS/pIRS_110/src/pirs/missing --run autoheader'
AUTOMAKE='${SHELL} /ifs1/ST_ASMB/PMO/bin/pIRS/pIRS_110/src/pirs/missing --run automake-1.9'
AWK='gawk'
CC='gcc'
CCDEPMODE='depmode=gcc3'
CFLAGS='-g -O2'
CPP='gcc -E'
CPPFLAGS=''
CXX='g++'
CXXDEPMODE='depmode=gcc3'
CXXFLAGS='-g -O2'
CYGPATH_W='echo'
DEFS='-DHAVE_CONFIG_H'
DEPDIR='.deps'
ECHO_C=''
ECHO_N='-n'
ECHO_T=''
EGREP='grep -E'
EXEEXT=''
INSTALL_DATA='${INSTALL} -m 644'
INSTALL_PROGRAM='${INSTALL}'
INSTALL_SCRIPT='${INSTALL}'
INSTALL_STRIP_PROGRAM='${SHELL} $(install_sh) -c -s'
LDFLAGS=''
LIBOBJS=''
LIBS='-lz '
LTLIBOBJS=''
MAKEINFO='${SHELL} /ifs1/ST_ASMB/PMO/bin/pIRS/pIRS_110/src/pirs/missing --run makeinfo'
OBJEXT='o'
PACKAGE='pirs'
PACKAGE_BUGREPORT=''
PACKAGE_NAME='pirs'
PACKAGE_STRING='pirs 1.1.0'
PACKAGE_TARNAME='pirs'
PACKAGE_VERSION='1.1.0'
PATH_SEPARATOR=':'
SET_MAKE=''
SHELL='/bin/sh'
STRIP=''
VERSION='1.1.0'
ac_ct_CC='gcc'
ac_ct_CXX='g++'
ac_ct_STRIP=''
am__fastdepCC_FALSE='#'
am__fastdepCC_TRUE=''
am__fastdepCXX_FALSE='#'
am__fastdepCXX_TRUE=''
am__include='include'
am__leading_dot='.'
am__quote=''
am__tar='${AMTAR} chof - "$$tardir"'
am__untar='${AMTAR} xf -'
bindir='${exec_prefix}/bin'
build_alias=''
datadir='${prefix}/share'
exec_prefix='${prefix}'
host_alias=''
includedir='${prefix}/include'
infodir='${prefix}/info'
install_sh='/ifs1/ST_ASMB/PMO/bin/pIRS/pIRS_110/src/pirs/install-sh'
libdir='${exec_prefix}/lib'
libexecdir='${exec_prefix}/libexec'
localstatedir='${prefix}/var'
mandir='${prefix}/man'
mkdir_p='mkdir -p --'
oldincludedir='/usr/include'
prefix=''
program_transform_name='s,x,x,'
sbindir='${exec_prefix}/sbin'
sharedstatedir='${prefix}/com'
sysconfdir='${prefix}/etc'
target_alias=''

## ----------- ##
## confdefs.h. ##
## ----------- ##

#define HAVE_INTTYPES_H 1
#define HAVE_LIBZ 1
#define HAVE_MEMORY_H 1
#define HAVE_STDBOOL_H 1
#define HAVE_STDINT_H 1
#define HAVE_STDLIB_H 1
#define HAVE_STDLIB_H 1
#define HAVE_STRINGS_H 1
#define HAVE_STRING_H 1
#define HAVE_STRING_H 1
#define HAVE_SYS_STAT_H 1
#define HAVE_SYS_TYPES_H 1
#define HAVE_UNISTD_H 1
#define HAVE__BOOL 1
#define PACKAGE "pirs"
#define PACKAGE_BUGREPORT ""
#define PACKAGE_NAME "pirs"
#define PACKAGE_STRING "pirs 1.1.0"
#define PACKAGE_TARNAME "pirs"
#define PACKAGE_VERSION "1.1.0"
#define STDC_HEADERS 1
#define VERSION "1.1.0"
#endif
#ifdef __cplusplus
extern "C" void exit (int) throw ();

configure: exit 0
