This file contains any messages produced by compilers while
running configure, to aid debugging if configure makes a mistake.

It was created by configure, which was
generated by GNU Autoconf 2.59.  Invocation command line was

  $ ./configure --prefix=

## --------- ##
## Platform. ##
## --------- ##

hostname = compute-23-5.local
uname -m = x86_64
uname -r = 2.6.18-194.el5
uname -s = Linux
uname -v = #1 SMP Fri Apr 2 14:58:14 EDT 2010

/usr/bin/uname -p = unknown
/bin/uname -X     = unknown

/bin/arch              = x86_64
/usr/bin/arch -k       = unknown
/usr/convex/getsysinfo = unknown
hostinfo               = unknown
/bin/machine           = unknown
/usr/bin/oslevel       = unknown
/bin/universe          = unknown

PATH: /opt/blc/gcc-4.3.5/bin
PATH: /usr/local/bin/
PATH: /usr/bin/
PATH: /share/raid1/genome/biosoft/454/rig/bin
PATH: /ifs1/ST_ASMB/USER/yuanjy/bin/jellyfish/bin
PATH: opt/blc/gcc-4.5.0/bin
PATH: /ifs1/ST_ASMB/USER/ganjun/soft/python2.7/bin
PATH: /ifs1/ST_ASMB/USER/yuanjy/data
PATH: /panfs/CD/liuyunjie/yh1cell/allpaths/bin
PATH: /opt/blc/genome/biosoft/R-212/bin/
PATH: /opt/gridengine/bin/lx26-amd64
PATH: /usr/kerberos/bin
PATH: /usr/java/latest/bin
PATH: /usr/local/bin
PATH: /bin
PATH: /usr/bin
PATH: /opt/ganglia/bin
PATH: /opt/ganglia/sbin
PATH: /opt/openmpi/bin/
PATH: /opt/rocks/bin
PATH: /opt/rocks/sbin
PATH: /opt/dell/srvadmin/bin
PATH: /opt/sun-ct/bin
PATH: /panfs/CD/huangjw/source/hdf5-1.8.5-patch1-linux-x86_64-shared
PATH: /share/backup/HP/liudb2/bin/snp_Analysis/cms/trunk/
PATH: /home/yuanjy/bin


## ----------- ##
## Core tests. ##
## ----------- ##

configure:1348: checking for a BSD-compatible install
configure:1403: result: /usr/bin//install -c
configure:1414: checking whether build environment is sane
configure:1457: result: yes
configure:1522: checking for gawk
configure:1538: found /usr/bin//gawk
configure:1548: result: gawk
configure:1558: checking whether make sets $(MAKE)
configure:1578: result: yes
configure:1803: checking for g++
configure:1819: found /opt/blc/gcc-4.3.5/bin/g++
configure:1829: result: g++
configure:1845: checking for C++ compiler version
configure:1848: g++ --version </dev/null >&5
g++ (GCC) 4.3.5
Copyright (C) 2008 Free Software Foundation, Inc.
This is free software; see the source for copying conditions.  There is NO
warranty; not even for MERCHANTABILITY or FITNESS FOR A PARTICULAR PURPOSE.

configure:1851: $? = 0
configure:1853: g++ -v </dev/null >&5
Using built-in specs.
Target: x86_64-unknown-linux-gnu
Configured with: ../gcc435-4.3.5/configure --prefix=/opt/blc/gcc-4.3.5
Thread model: posix
gcc version 4.3.5 (GCC) 
configure:1856: $? = 0
configure:1858: g++ -V </dev/null >&5
g++: '-V' option must have argument
configure:1861: $? = 1
configure:1884: checking for C++ compiler default output file name
configure:1887: g++    conftest.cc  >&5
configure:1890: $? = 0
configure:1936: result: a.out
configure:1941: checking whether the C++ compiler works
configure:1947: ./a.out
configure:1950: $? = 0
configure:1967: result: yes
configure:1974: checking whether we are cross compiling
configure:1976: result: no
configure:1979: checking for suffix of executables
configure:1981: g++ -o conftest    conftest.cc  >&5
configure:1984: $? = 0
configure:2009: result: 
configure:2015: checking for suffix of object files
configure:2036: g++ -c   conftest.cc >&5
configure:2039: $? = 0
configure:2061: result: o
configure:2065: checking whether we are using the GNU C++ compiler
configure:2089: g++ -c   conftest.cc >&5
configure:2095: $? = 0
configure:2099: test -z 
			 || test ! -s conftest.err
configure:2102: $? = 0
configure:2105: test -s conftest.o
configure:2108: $? = 0
configure:2121: result: yes
configure:2127: checking whether g++ accepts -g
configure:2148: g++ -c -g  conftest.cc >&5
configure:2154: $? = 0
configure:2158: test -z 
			 || test ! -s conftest.err
configure:2161: $? = 0
configure:2164: test -s conftest.o
configure:2167: $? = 0
configure:2178: result: yes
configure:2220: g++ -c -g -O2  conftest.cc >&5
configure:2226: $? = 0
configure:2230: test -z 
			 || test ! -s conftest.err
configure:2233: $? = 0
configure:2236: test -s conftest.o
configure:2239: $? = 0
configure:2265: g++ -c -g -O2  conftest.cc >&5
conftest.cc: In function 'int main()':
conftest.cc:15: error: 'exit' was not declared in this scope
configure:2271: $? = 1
configure: failed program was:
| /* confdefs.h.  */
| 
| #define PACKAGE_NAME ""
| #define PACKAGE_TARNAME ""
| #define PACKAGE_VERSION ""
| #define PACKAGE_STRING ""
| #define PACKAGE_BUGREPORT ""
| #define PACKAGE "gc_coverage_bias"
| #define VERSION "1.0"
| /* end confdefs.h.  */
| 
| int
| main ()
| {
| exit (42);
|   ;
|   return 0;
| }
configure:2220: g++ -c -g -O2  conftest.cc >&5
conftest.cc:11: error: 'void std::exit(int)' should have been declared inside 'std'
configure:2226: $? = 1
configure: failed program was:
| /* confdefs.h.  */
| 
| #define PACKAGE_NAME ""
| #define PACKAGE_TARNAME ""
| #define PACKAGE_VERSION ""
| #define PACKAGE_STRING ""
| #define PACKAGE_BUGREPORT ""
| #define PACKAGE "gc_coverage_bias"
| #define VERSION "1.0"
| /* end confdefs.h.  */
| extern "C" void std::exit (int) throw (); using std::exit;
| #include <stdlib.h>
| int
| main ()
| {
| exit (42);
|   ;
|   return 0;
| }
configure:2220: g++ -c -g -O2  conftest.cc >&5
conftest.cc:11: error: 'void std::exit(int)' should have been declared inside 'std'
In file included from conftest.cc:12:
/usr/include/stdlib.h:646: error: declaration of 'void std::exit(int) throw ()' throws different exceptions
conftest.cc:11: error: from previous declaration 'void std::exit(int)'
configure:2226: $? = 1
configure: failed program was:
| /* confdefs.h.  */
| 
| #define PACKAGE_NAME ""
| #define PACKAGE_TARNAME ""
| #define PACKAGE_VERSION ""
| #define PACKAGE_STRING ""
| #define PACKAGE_BUGREPORT ""
| #define PACKAGE "gc_coverage_bias"
| #define VERSION "1.0"
| /* end confdefs.h.  */
| extern "C" void std::exit (int); using std::exit;
| #include <stdlib.h>
| int
| main ()
| {
| exit (42);
|   ;
|   return 0;
| }
configure:2220: g++ -c -g -O2  conftest.cc >&5
configure:2226: $? = 0
configure:2230: test -z 
			 || test ! -s conftest.err
configure:2233: $? = 0
configure:2236: test -s conftest.o
configure:2239: $? = 0
configure:2265: g++ -c -g -O2  conftest.cc >&5
configure:2271: $? = 0
configure:2275: test -z 
			 || test ! -s conftest.err
configure:2278: $? = 0
configure:2281: test -s conftest.o
configure:2284: $? = 0
configure:2318: checking for style of include used by make
configure:2346: result: GNU
configure:2374: checking dependency style of g++
configure:2464: result: gcc3
configure:2527: checking for gcc
configure:2543: found /opt/blc/gcc-4.3.5/bin/gcc
configure:2553: result: gcc
configure:2797: checking for C compiler version
configure:2800: gcc --version </dev/null >&5
gcc (GCC) 4.3.5
Copyright (C) 2008 Free Software Foundation, Inc.
This is free software; see the source for copying conditions.  There is NO
warranty; not even for MERCHANTABILITY or FITNESS FOR A PARTICULAR PURPOSE.

configure:2803: $? = 0
configure:2805: gcc -v </dev/null >&5
Using built-in specs.
Target: x86_64-unknown-linux-gnu
Configured with: ../gcc435-4.3.5/configure --prefix=/opt/blc/gcc-4.3.5
Thread model: posix
gcc version 4.3.5 (GCC) 
configure:2808: $? = 0
configure:2810: gcc -V </dev/null >&5
gcc: '-V' option must have argument
configure:2813: $? = 1
configure:2816: checking whether we are using the GNU C compiler
configure:2840: gcc -c   conftest.c >&5
configure:2846: $? = 0
configure:2850: test -z 
			 || test ! -s conftest.err
configure:2853: $? = 0
configure:2856: test -s conftest.o
configure:2859: $? = 0
configure:2872: result: yes
configure:2878: checking whether gcc accepts -g
configure:2899: gcc -c -g  conftest.c >&5
configure:2905: $? = 0
configure:2909: test -z 
			 || test ! -s conftest.err
configure:2912: $? = 0
configure:2915: test -s conftest.o
configure:2918: $? = 0
configure:2929: result: yes
configure:2946: checking for gcc option to accept ANSI C
configure:3016: gcc  -c -g -O2  conftest.c >&5
configure:3022: $? = 0
configure:3026: test -z 
			 || test ! -s conftest.err
configure:3029: $? = 0
configure:3032: test -s conftest.o
configure:3035: $? = 0
configure:3053: result: none needed
configure:3071: gcc -c -g -O2  conftest.c >&5
conftest.c:2: error: expected '=', ',', ';', 'asm' or '__attribute__' before 'me'
configure:3077: $? = 1
configure: failed program was:
| #ifndef __cplusplus
|   choke me
| #endif
configure:3212: checking dependency style of gcc
configure:3302: result: gcc3
configure:3324: checking for main in -lz
configure:3348: gcc -o conftest -g -O2   conftest.c -lz   >&5
configure:3354: $? = 0
configure:3358: test -z 
			 || test ! -s conftest.err
configure:3361: $? = 0
configure:3364: test -s conftest
configure:3367: $? = 0
configure:3380: result: yes
configure:3398: checking how to run the C preprocessor
configure:3433: gcc -E  conftest.c
configure:3439: $? = 0
configure:3471: gcc -E  conftest.c
conftest.c:15:28: error: ac_nonexistent.h: No such file or directory
configure:3477: $? = 1
configure: failed program was:
| /* confdefs.h.  */
| 
| #define PACKAGE_NAME ""
| #define PACKAGE_TARNAME ""
| #define PACKAGE_VERSION ""
| #define PACKAGE_STRING ""
| #define PACKAGE_BUGREPORT ""
| #define PACKAGE "gc_coverage_bias"
| #define VERSION "1.0"
| #ifdef __cplusplus
| extern "C" void exit (int) throw ();
| #endif
| #define HAVE_LIBZ 1
| /* end confdefs.h.  */
| #include <ac_nonexistent.h>
configure:3516: result: gcc -E
configure:3540: gcc -E  conftest.c
configure:3546: $? = 0
configure:3578: gcc -E  conftest.c
conftest.c:15:28: error: ac_nonexistent.h: No such file or directory
configure:3584: $? = 1
configure: failed program was:
| /* confdefs.h.  */
| 
| #define PACKAGE_NAME ""
| #define PACKAGE_TARNAME ""
| #define PACKAGE_VERSION ""
| #define PACKAGE_STRING ""
| #define PACKAGE_BUGREPORT ""
| #define PACKAGE "gc_coverage_bias"
| #define VERSION "1.0"
| #ifdef __cplusplus
| extern "C" void exit (int) throw ();
| #endif
| #define HAVE_LIBZ 1
| /* end confdefs.h.  */
| #include <ac_nonexistent.h>
configure:3628: checking for egrep
configure:3638: result: grep -E
configure:3643: checking for ANSI C header files
configure:3668: gcc -c -g -O2  conftest.c >&5
configure:3674: $? = 0
configure:3678: test -z 
			 || test ! -s conftest.err
configure:3681: $? = 0
configure:3684: test -s conftest.o
configure:3687: $? = 0
configure:3776: gcc -o conftest -g -O2   conftest.c -lz  >&5
conftest.c: In function 'main':
conftest.c:32: warning: incompatible implicit declaration of built-in function 'exit'
configure:3779: $? = 0
configure:3781: ./conftest
configure:3784: $? = 0
configure:3799: result: yes
configure:3823: checking for sys/types.h
configure:3839: gcc -c -g -O2  conftest.c >&5
configure:3845: $? = 0
configure:3849: test -z 
			 || test ! -s conftest.err
configure:3852: $? = 0
configure:3855: test -s conftest.o
configure:3858: $? = 0
configure:3869: result: yes
configure:3823: checking for sys/stat.h
configure:3839: gcc -c -g -O2  conftest.c >&5
configure:3845: $? = 0
configure:3849: test -z 
			 || test ! -s conftest.err
configure:3852: $? = 0
configure:3855: test -s conftest.o
configure:3858: $? = 0
configure:3869: result: yes
configure:3823: checking for stdlib.h
configure:3839: gcc -c -g -O2  conftest.c >&5
configure:3845: $? = 0
configure:3849: test -z 
			 || test ! -s conftest.err
configure:3852: $? = 0
configure:3855: test -s conftest.o
configure:3858: $? = 0
configure:3869: result: yes
configure:3823: checking for string.h
configure:3839: gcc -c -g -O2  conftest.c >&5
configure:3845: $? = 0
configure:3849: test -z 
			 || test ! -s conftest.err
configure:3852: $? = 0
configure:3855: test -s conftest.o
configure:3858: $? = 0
configure:3869: result: yes
configure:3823: checking for memory.h
configure:3839: gcc -c -g -O2  conftest.c >&5
configure:3845: $? = 0
configure:3849: test -z 
			 || test ! -s conftest.err
configure:3852: $? = 0
configure:3855: test -s conftest.o
configure:3858: $? = 0
configure:3869: result: yes
configure:3823: checking for strings.h
configure:3839: gcc -c -g -O2  conftest.c >&5
configure:3845: $? = 0
configure:3849: test -z 
			 || test ! -s conftest.err
configure:3852: $? = 0
configure:3855: test -s conftest.o
configure:3858: $? = 0
configure:3869: result: yes
configure:3823: checking for inttypes.h
configure:3839: gcc -c -g -O2  conftest.c >&5
configure:3845: $? = 0
configure:3849: test -z 
			 || test ! -s conftest.err
configure:3852: $? = 0
configure:3855: test -s conftest.o
configure:3858: $? = 0
configure:3869: result: yes
configure:3823: checking for stdint.h
configure:3839: gcc -c -g -O2  conftest.c >&5
configure:3845: $? = 0
configure:3849: test -z 
			 || test ! -s conftest.err
configure:3852: $? = 0
configure:3855: test -s conftest.o
configure:3858: $? = 0
configure:3869: result: yes
configure:3823: checking for unistd.h
configure:3839: gcc -c -g -O2  conftest.c >&5
configure:3845: $? = 0
configure:3849: test -z 
			 || test ! -s conftest.err
configure:3852: $? = 0
configure:3855: test -s conftest.o
configure:3858: $? = 0
configure:3869: result: yes
configure:3887: checking for stdint.h
configure:3892: result: yes
configure:3887: checking for string.h
configure:3892: result: yes
configure:4034: checking for stdbool.h that conforms to C99
configure:4087: gcc -c -g -O2  conftest.c >&5
configure:4093: $? = 0
configure:4097: test -z 
			 || test ! -s conftest.err
configure:4100: $? = 0
configure:4103: test -s conftest.o
configure:4106: $? = 0
configure:4117: result: yes
configure:4119: checking for _Bool
configure:4143: gcc -c -g -O2  conftest.c >&5
configure:4149: $? = 0
configure:4153: test -z 
			 || test ! -s conftest.err
configure:4156: $? = 0
configure:4159: test -s conftest.o
configure:4162: $? = 0
configure:4173: result: yes
configure:4192: checking for an ANSI C-conforming const
configure:4259: gcc -c -g -O2  conftest.c >&5
configure:4265: $? = 0
configure:4269: test -z 
			 || test ! -s conftest.err
configure:4272: $? = 0
configure:4275: test -s conftest.o
configure:4278: $? = 0
configure:4289: result: yes
configure:4418: creating ./config.status

## ---------------------- ##
## Running config.status. ##
## ---------------------- ##

This file was extended by config.status, which was
generated by GNU Autoconf 2.59.  Invocation command line was

  CONFIG_FILES    = 
  CONFIG_HEADERS  = 
  CONFIG_LINKS    = 
  CONFIG_COMMANDS = 
  $ ./config.status 

on compute-23-5.local

config.status:696: creating Makefile
config.status:696: creating src/Makefile
config.status:800: creating config.h
config.status:916: config.h is unchanged
config.status:1096: executing depfiles commands

## ---------------- ##
## Cache variables. ##
## ---------------- ##

ac_cv_c_compiler_gnu=yes
ac_cv_c_const=yes
ac_cv_cxx_compiler_gnu=yes
ac_cv_env_CC_set=
ac_cv_env_CC_value=
ac_cv_env_CFLAGS_set=
ac_cv_env_CFLAGS_value=
ac_cv_env_CPPFLAGS_set=
ac_cv_env_CPPFLAGS_value=
ac_cv_env_CPP_set=
ac_cv_env_CPP_value=
ac_cv_env_CXXFLAGS_set=
ac_cv_env_CXXFLAGS_value=
ac_cv_env_CXX_set=
ac_cv_env_CXX_value=
ac_cv_env_LDFLAGS_set=
ac_cv_env_LDFLAGS_value=
ac_cv_env_build_alias_set=
ac_cv_env_build_alias_value=
ac_cv_env_host_alias_set=
ac_cv_env_host_alias_value=
ac_cv_env_target_alias_set=
ac_cv_env_target_alias_value=
ac_cv_exeext=
ac_cv_header_inttypes_h=yes
ac_cv_header_memory_h=yes
ac_cv_header_stdbool_h=yes
ac_cv_header_stdc=yes
ac_cv_header_stdint_h=yes
ac_cv_header_stdlib_h=yes
ac_cv_header_string_h=yes
ac_cv_header_strings_h=yes
ac_cv_header_sys_stat_h=yes
ac_cv_header_sys_types_h=yes
ac_cv_header_unistd_h=yes
ac_cv_lib_z_main=yes
ac_cv_objext=o
ac_cv_path_install='/usr/bin//install -c'
ac_cv_prog_AWK=gawk
ac_cv_prog_CPP='gcc -E'
ac_cv_prog_ac_ct_CC=gcc
ac_cv_prog_ac_ct_CXX=g++
ac_cv_prog_cc_g=yes
ac_cv_prog_cc_stdc=
ac_cv_prog_cxx_g=yes
ac_cv_prog_egrep='grep -E'
ac_cv_prog_make_make_set=yes
ac_cv_type__Bool=yes
am_cv_CC_dependencies_compiler_type=gcc3
am_cv_CXX_dependencies_compiler_type=gcc3

## ----------------- ##
## Output variables. ##
## ----------------- ##

ACLOCAL='${SHELL} /ifs1/ST_ASMB/PMO/bin/pIRS/pIRS_110/src/stator/gcContCvgBias/missing --run aclocal-1.9'
AMDEPBACKSLASH='\'
AMDEP_FALSE='#'
AMDEP_TRUE=''
AMTAR='${SHELL} /ifs1/ST_ASMB/PMO/bin/pIRS/pIRS_110/src/stator/gcContCvgBias/missing --run tar'
AUTOCONF='${SHELL} /ifs1/ST_ASMB/PMO/bin/pIRS/pIRS_110/src/stator/gcContCvgBias/missing --run autoconf'
AUTOHEADER='${SHELL} /ifs1/ST_ASMB/PMO/bin/pIRS/pIRS_110/src/stator/gcContCvgBias/missing --run autoheader'
AUTOMAKE='${SHELL} /ifs1/ST_ASMB/PMO/bin/pIRS/pIRS_110/src/stator/gcContCvgBias/missing --run automake-1.9'
AWK='gawk'
CC='gcc'
CCDEPMODE='depmode=gcc3'
CFLAGS='-g -O2'
CPP='gcc -E'
CPPFLAGS=''
CXX='g++'
CXXDEPMODE='depmode=gcc3'
CXXFLAGS='-g -O2'
CYGPATH_W='echo'
DEFS='-DHAVE_CONFIG_H'
DEPDIR='.deps'
ECHO_C=''
ECHO_N='-n'
ECHO_T=''
EGREP='grep -E'
EXEEXT=''
INSTALL_DATA='${INSTALL} -m 644'
INSTALL_PROGRAM='${INSTALL}'
INSTALL_SCRIPT='${INSTALL}'
INSTALL_STRIP_PROGRAM='${SHELL} $(install_sh) -c -s'
LDFLAGS=''
LIBOBJS=''
LIBS='-lz '
LTLIBOBJS=''
MAKEINFO='${SHELL} /ifs1/ST_ASMB/PMO/bin/pIRS/pIRS_110/src/stator/gcContCvgBias/missing --run makeinfo'
OBJEXT='o'
PACKAGE='gc_coverage_bias'
PACKAGE_BUGREPORT=''
PACKAGE_NAME=''
PACKAGE_STRING=''
PACKAGE_TARNAME=''
PACKAGE_VERSION=''
PATH_SEPARATOR=':'
SET_MAKE=''
SHELL='/bin/sh'
STRIP=''
VERSION='1.0'
ac_ct_CC='gcc'
ac_ct_CXX='g++'
ac_ct_STRIP=''
am__fastdepCC_FALSE='#'
am__fastdepCC_TRUE=''
am__fastdepCXX_FALSE='#'
am__fastdepCXX_TRUE=''
am__include='include'
am__leading_dot='.'
am__quote=''
am__tar='${AMTAR} chof - "$$tardir"'
am__untar='${AMTAR} xf -'
bindir='${exec_prefix}/bin'
build_alias=''
datadir='${prefix}/share'
exec_prefix='${prefix}'
host_alias=''
includedir='${prefix}/include'
infodir='${prefix}/info'
install_sh='/ifs1/ST_ASMB/PMO/bin/pIRS/pIRS_110/src/stator/gcContCvgBias/install-sh'
libdir='${exec_prefix}/lib'
libexecdir='${exec_prefix}/libexec'
localstatedir='${prefix}/var'
mandir='${prefix}/man'
mkdir_p='mkdir -p --'
oldincludedir='/usr/include'
prefix=''
program_transform_name='s,x,x,'
sbindir='${exec_prefix}/sbin'
sharedstatedir='${prefix}/com'
sysconfdir='${prefix}/etc'
target_alias=''

## ----------- ##
## confdefs.h. ##
## ----------- ##

#define HAVE_INTTYPES_H 1
#define HAVE_LIBZ 1
#define HAVE_MEMORY_H 1
#define HAVE_STDBOOL_H 1
#define HAVE_STDINT_H 1
#define HAVE_STDINT_H 1
#define HAVE_STDLIB_H 1
#define HAVE_STRINGS_H 1
#define HAVE_STRING_H 1
#define HAVE_STRING_H 1
#define HAVE_SYS_STAT_H 1
#define HAVE_SYS_TYPES_H 1
#define HAVE_UNISTD_H 1
#define HAVE__BOOL 1
#define PACKAGE "gc_coverage_bias"
#define PACKAGE_BUGREPORT ""
#define PACKAGE_NAME ""
#define PACKAGE_STRING ""
#define PACKAGE_TARNAME ""
#define PACKAGE_VERSION ""
#define STDC_HEADERS 1
#define VERSION "1.0"
#endif
#ifdef __cplusplus
extern "C" void exit (int) throw ();

configure: exit 0
